INFO:root:Welcome to List Assignment
INFO:root:The entered list is:- [10, 2, 3, 4, 5, 6, 6, 6, 6, 6, 7, [11, 22, 33, 44, 55, 66], 111, 222, 333, 234, 'umesh', 10, 4, 4, 4]
INFO:root:multiplication is 102385902661747738167214080000
INFO:root:Welcome to List Assignment
INFO:root:The entered list is:- [10, 2, 3, 4, 5, 6, 6, 6, 6, 6, 7, [11, 22, 33, 44, 55, 66], 111, 222, 333, 234, 'umesh', 10, 4, 4, 4]
INFO:root:Welcome to List Assignment
INFO:root:The entered list is:- [10, 2, 3, 4, 5, 6, 6, 6, 6, 6, 7, [11, 22, 33, 44, 55, 66], 111, 222, 333, 234, 'umesh', 10, 4, 4, 4]
INFO:root:Welcome to List Assignment
INFO:root:The entered list is:- [10, 2, 3, 4, 5, 6, 6, 6, 6, 6, 7, [11, 22, 33, 44, 55, 66], 111, 222, 333, 234, 'umesh', 10, 4, 4, 4]
INFO:root:The data in unwrapped format is :- [10, 2, 3, 4, 5, 6, 6, 6, 6, 6, 7, 11, 22, 33, 44, 55, 66, 111, 222, 333, 234, 'umesh', 10, 4, 4, 4]
INFO:root:Welcome to List Assignment
INFO:root:The entered list is:- [10, 2, 3, 4, 5, 6, 6, 6, 6, 6, 7, [11, 22, 33, 44, 55, 66], 111, 222, 333, 234, 'umesh', 10, 4, 4, 4]
INFO:root:The data in unwrapped format is :- [10, 2, 3, 4, 5, 6, 6, 6, 6, 6, 7, 11, 22, 33, 44, 55, 66, 111, 222, 333, 234, 'umesh', 10, 4, 4, 4]
INFO:root:Welcome to List Assignment
INFO:root:The entered list is:- [10, 2, 3, 4, 5, 6, 6, 6, 6, 6, 7, [11, 22, 33, 44, 55, 66], 111, 222, 333, 234, 'umesh', 10, 4, 4, 4]
INFO:root:The data in unwrapped format is :- [10, 2, 3, 4, 5, 6, 6, 6, 6, 6, 7, 11, 22, 33, 44, 55, 66, 111, 222, 333, 234, 'umesh', 10, 4, 4, 4]
INFO:root:Welcome to List Assignment
INFO:root:The entered list is:- [10, 2, 3, 4, 5, 6, 6, 6, 6, 6, 7, [11, 22, 33, 44, 55, 66], 111, 222, 333, 234, 'umesh', 10, 4, 4, 4]
INFO:root:The data in unwrapped format is :- [10, 2, 3, 4, 5, 6, 6, 6, 6, 6, 7, 11, 22, 33, 44, 55, 66, 111, 222, 333, 234, 'umesh', 10, 4, 4, 4]
INFO:root:Welcome to List Assignment
INFO:root:The entered list is:- [10, 2, 3, 4, 5, 6, 6, 6, 6, 6, 7, [11, 22, 33, 44, 55, 66], 111, 222, 333, 234, 'umesh', 10, 4, 4, 4]
INFO:root:The data in unwrapped format is :- [10, 2, 3, 4, 5, 6, 6, 6, 6, 6, 7, 11, 22, 33, 44, 55, 66, 111, 222, 333, 234, 'umesh', 10, 4, 4, 4]
INFO:root:Welcome to List Assignment
INFO:root:The entered list is:- [10, 2, 3, 4, 5, 6, 6, 6, 6, 6, 7, [11, 22, 33, 44, 55, 66], 111, 222, 333, 234, 'umesh', 10, 4, 4, 4]
INFO:root:The data in unwrapped format is :- [10, 2, 3, 4, 5, 6, 6, 6, 6, 6, 7, 11, 22, 33, 44, 55, 66, 111, 222, 333, 234, 'umesh', 10, 4, 4, 4]
INFO:root:Welcome to List Assignment
INFO:root:The entered list is:- [10, 2, 3, 4, 5, 6, 6, 6, 6, 6, 7, [11, 22, 33, 44, 55, 66], 111, 222, 333, 234, 'umesh', 10, 4, 4, 4]
INFO:root:The data in unwrapped format is :- [10, 2, 3, 4, 5, 6, 6, 6, 6, 6, 7, 11, 22, 33, 44, 55, 66, 111, 222, 333, 234, 'umesh', 10, 4, 4, 4]
INFO:root:Welcome to List Assignment
INFO:root:The entered list is:- [10, 2, 3, 4, 5, 6, 6, 6, 6, 6, 7, [11, 22, 33, 44, 55, 66], 111, 222, 333, 234, 'umesh', 10, 4, 4, 4]
INFO:root:The data in unwrapped format is :- [10, 2, 3, 4, 5, 6, 6, 6, 6, 6, 7, 11, 22, 33, 44, 55, 66, 111, 222, 333, 234, 'umesh', 10, 4, 4, 4]
INFO:root:Welcome to List Assignment
INFO:root:The entered list is:- [10, 2, 3, 4, 5, 6, 6, 6, 6, 6, 7, [11, 22, 33, 44, 55, 66], 111, 222, 333, 234, 'umesh', 10, 4, 4, 4]
INFO:root:The data in unwrapped format is :- [10, 2, 3, 4, 5, 6, 6, 6, 6, 6, 7, 11, 22, 33, 44, 55, 66, 111, 222, 333, 234, 'umesh', 10, 4, 4, 4]
